Using pre-set license
Built from '2022.3/staging' branch; Version is '2022.3.43f1 (85497d293fa1) revision 8735101'; Using compiler version '192829333'; Build Type 'Release'
OS: 'Windows 10  (10.0.19045) 64bit Professional' Language: 'en' Physical Memory: 32688 MB
BatchMode: 1, IsHumanControllingUs: 0, StartBugReporterOnCrash: 0, Is64bit: 1, IsPro: 1

COMMAND LINE ARGUMENTS:
D:\Unity\2022.3.43f1\Editor\Unity.exe
-adb2
-batchMode
-noUpm
-name
AssetImportWorker8
-projectPath
D:/Projects/Team-24/Cellular Level
-logFile
Logs/AssetImportWorker8.log
-srvPort
64943
Successfully changed project path to: D:/Projects/Team-24/Cellular Level
D:/Projects/Team-24/Cellular Level
[UnityMemory] Configuration Parameters - Can be set up in boot.config
    "memorysetup-bucket-allocator-granularity=16"
    "memorysetup-bucket-allocator-bucket-count=8"
    "memorysetup-bucket-allocator-block-size=33554432"
    "memorysetup-bucket-allocator-block-count=8"
    "memorysetup-main-allocator-block-size=16777216"
    "memorysetup-thread-allocator-block-size=16777216"
    "memorysetup-gfx-main-allocator-block-size=16777216"
    "memorysetup-gfx-thread-allocator-block-size=16777216"
    "memorysetup-cache-allocator-block-size=4194304"
    "memorysetup-typetree-allocator-block-size=2097152"
    "memorysetup-profiler-bucket-allocator-granularity=16"
    "memorysetup-profiler-bucket-allocator-bucket-count=8"
    "memorysetup-profiler-bucket-allocator-block-size=33554432"
    "memorysetup-profiler-bucket-allocator-block-count=8"
    "memorysetup-profiler-allocator-block-size=16777216"
    "memorysetup-profiler-editor-allocator-block-size=1048576"
    "memorysetup-temp-allocator-size-main=16777216"
    "memorysetup-job-temp-allocator-block-size=2097152"
    "memorysetup-job-temp-allocator-block-size-background=1048576"
    "memorysetup-job-temp-allocator-reduction-small-platforms=262144"
    "memorysetup-allocator-temp-initial-block-size-main=262144"
    "memorysetup-allocator-temp-initial-block-size-worker=262144"
    "memorysetup-temp-allocator-size-background-worker=32768"
    "memorysetup-temp-allocator-size-job-worker=262144"
    "memorysetup-temp-allocator-size-preload-manager=33554432"
    "memorysetup-temp-allocator-size-nav-mesh-worker=65536"
    "memorysetup-temp-allocator-size-audio-worker=65536"
    "memorysetup-temp-allocator-size-cloud-worker=32768"
    "memorysetup-temp-allocator-size-gi-baking-worker=262144"
    "memorysetup-temp-allocator-size-gfx=262144"
Player connection [4536]  Target information:

Player connection [4536]  * "[IP] 192.168.4.48 [Port] 0 [Flags] 2 [Guid] 4054174150 [EditorId] 4054174150 [Version] 1048832 [Id] WindowsEditor(7,VeryNiceBigBoy) [Debug] 1 [PackageName] WindowsEditor [ProjectName] Editor" 

Player connection [4536]  * "[IP] 100.79.215.85 [Port] 0 [Flags] 2 [Guid] 4054174150 [EditorId] 4054174150 [Version] 1048832 [Id] WindowsEditor(7,VeryNiceBigBoy) [Debug] 1 [PackageName] WindowsEditor [ProjectName] Editor" 

Player connection [4536] Host joined multi-casting on [225.0.0.222:54997]...
Player connection [4536] Host joined alternative multi-casting on [225.0.0.222:34997]...
[PhysX] Initialized MultithreadedTaskDispatcher with 16 workers.
Refreshing native plugins compatible for Editor in 26.83 ms, found 3 plugins.
Preloading 0 native plugins for Editor in 0.00 ms.
Initialize engine version: 2022.3.43f1 (85497d293fa1)
[Subsystems] Discovering subsystems at path D:/Unity/2022.3.43f1/Editor/Data/Resources/UnitySubsystems
[Subsystems] Discovering subsystems at path D:/Projects/Team-24/Cellular Level/Assets
GfxDevice: creating device client; threaded=0; jobified=0
Direct3D:
    Version:  Direct3D 11.0 [level 11.1]
    Renderer: NVIDIA GeForce RTX 3080 (ID=0x2206)
    Vendor:   NVIDIA
    VRAM:     10053 MB
    Driver:   32.0.15.6094
Initialize mono
Mono path[0] = 'D:/Unity/2022.3.43f1/Editor/Data/Managed'
Mono path[1] = 'D:/Unity/2022.3.43f1/Editor/Data/MonoBleedingEdge/lib/mono/unityjit-win32'
Mono config path = 'D:/Unity/2022.3.43f1/Editor/Data/MonoBleedingEdge/etc'
Using monoOptions --debugger-agent=transport=dt_socket,embedding=1,server=y,suspend=n,address=127.0.0.1:56684
Begin MonoManager ReloadAssembly
Registering precompiled unity dll's ...
Register platform support module: D:/Unity/2022.3.43f1/Editor/Data/PlaybackEngines/WindowsStandaloneSupport/UnityEditor.WindowsStandalone.Extensions.dll
Registered in 0.027050 seconds.
- Loaded All Assemblies, in  1.055 seconds
Native extension for WindowsStandalone target not found
Mono: successfully reloaded assembly
- Finished resetting the current domain, in  0.602 seconds
Domain Reload Profiling: 1656ms
	BeginReloadAssembly (486ms)
		ExecutionOrderSort (0ms)
		DisableScriptedObjects (0ms)
		BackupInstance (0ms)
		ReleaseScriptingObjects (0ms)
		CreateAndSetChildDomain (1ms)
	RebuildCommonClasses (65ms)
	RebuildNativeTypeToScriptingClass (18ms)
	initialDomainReloadingComplete (122ms)
	LoadAllAssembliesAndSetupDomain (363ms)
		LoadAssemblies (486ms)
		RebuildTransferFunctionScriptingTraits (0ms)
		AnalyzeDomain (358ms)
			TypeCache.Refresh (355ms)
				TypeCache.ScanAssembly (315ms)
			ScanForSourceGeneratedMonoScriptInfo (2ms)
			ResolveRequiredComponents (1ms)
	FinalizeReload (602ms)
		ReleaseScriptCaches (0ms)
		RebuildScriptCaches (0ms)
		SetupLoadedEditorAssemblies (485ms)
			LogAssemblyErrors (0ms)
			InitializePlatformSupportModulesInManaged (18ms)
			SetLoadedEditorAssemblies (14ms)
			RefreshPlugins (0ms)
			BeforeProcessingInitializeOnLoad (5ms)
			ProcessInitializeOnLoadAttributes (342ms)
			ProcessInitializeOnLoadMethodAttributes (106ms)
			AfterProcessingInitializeOnLoad (0ms)
			EditorAssembliesLoaded (0ms)
		ExecutionOrderSort2 (0ms)
		AwakeInstancesAfterBackupRestoration (0ms)
========================================================================
Worker process is ready to serve import requests
Caller must complete domain reload
Begin MonoManager ReloadAssembly
- Loaded All Assemblies, in  2.387 seconds
Native extension for WindowsStandalone target not found
Package Manager log level set to [2]
[Package Manager] Server::EnsureServerProcessIsRunning -- launch failed, reason: Unity was launched with the -noUpm command-line argument
[Package Manager] UpmClient::Send -- Unable to send message (not connected to UPM process).
[Package Manager] Cannot connect to Unity Package Manager local server
Mono: successfully reloaded assembly
- Finished resetting the current domain, in  1.670 seconds
Domain Reload Profiling: 4057ms
	BeginReloadAssembly (419ms)
		ExecutionOrderSort (0ms)
		DisableScriptedObjects (13ms)
		BackupInstance (0ms)
		ReleaseScriptingObjects (1ms)
		CreateAndSetChildDomain (51ms)
	RebuildCommonClasses (100ms)
	RebuildNativeTypeToScriptingClass (23ms)
	initialDomainReloadingComplete (107ms)
	LoadAllAssembliesAndSetupDomain (1737ms)
		LoadAssemblies (1026ms)
		RebuildTransferFunctionScriptingTraits (0ms)
		AnalyzeDomain (980ms)
			TypeCache.Refresh (711ms)
				TypeCache.ScanAssembly (603ms)
			ScanForSourceGeneratedMonoScriptInfo (189ms)
			ResolveRequiredComponents (75ms)
	FinalizeReload (1671ms)
		ReleaseScriptCaches (0ms)
		RebuildScriptCaches (0ms)
		SetupLoadedEditorAssemblies (1274ms)
			LogAssemblyErrors (0ms)
			InitializePlatformSupportModulesInManaged (10ms)
			SetLoadedEditorAssemblies (9ms)
			RefreshPlugins (0ms)
			BeforeProcessingInitializeOnLoad (160ms)
			ProcessInitializeOnLoadAttributes (955ms)
			ProcessInitializeOnLoadMethodAttributes (133ms)
			AfterProcessingInitializeOnLoad (5ms)
			EditorAssembliesLoaded (0ms)
		ExecutionOrderSort2 (0ms)
		AwakeInstancesAfterBackupRestoration (18ms)
Failed to load shader (instanceID 488, GUID 2392e4a7b53c11541b9f41f8d1fe9c0f)
Failed to load shader (instanceID 480, GUID bc4e0971daaa9a54abda318e5a3c306f)
Failed to load shader (instanceID 484, GUID cc731aa40f0ada3428f63abf5090ade9)
Failed to load shader (instanceID 500, GUID 86111b79a56c8d74793f044629fd137e)
Failed to load shader (instanceID 504, GUID 1dcbc10d6b9a107489c24bc8e6ce0010)
Failed to load shader (instanceID 482, GUID 0977980ec9820ee4f996f258ac0de782)
Failed to load shader (instanceID 498, GUID 4d6aa7d52760e2c47bd42a72e73bdba8)
Failed to load shader (instanceID 490, GUID 3fbb4ee8d6571d14b8ba4c5ba6ff8f5a)
Failed to load shader (instanceID 502, GUID fda7944c3cb053d41a7a1c8133ed1058)
Failed to load shader (instanceID 486, GUID e3ca756709cb68a46b6ed6613e4ada21)
Failed to load shader (instanceID 496, GUID 6059b3fca41ac274a8e2c4054da4f6aa)
Failed to load shader (instanceID 494, GUID 86efb39c5aa19544caed65ad6cce845c)
Failed to load shader (instanceID 492, GUID 06dce7e0ab6989e4abe058ee3b48e069)
Launched and connected shader compiler UnityShaderCompiler.exe after 0.17 seconds
Refreshing native plugins compatible for Editor in 204.22 ms, found 3 plugins.
Preloading 0 native plugins for Editor in 0.00 ms.
Unloading 5889 Unused Serialized files (Serialized files now loaded: 0)
Unloading 28 unused Assets / (386.5 KB). Loaded Objects now: 6359.
Memory consumption went from 230.5 MB to 230.1 MB.
Total: 11.085200 ms (FindLiveObjects: 2.709600 ms CreateObjectMapping: 1.461900 ms MarkObjects: 6.572300 ms  DeleteObjects: 0.339500 ms)

AssetImportParameters requested are different than current active one (requested -> active):
  custom:container-demuxer-ogg: 62fdf1f143b41e24485cea50d1cbac27 -> 
  custom:video-decoder-ogg-theora: a1e56fd34408186e4bbccfd4996cb3dc -> 
  custom:framework-win-MediaFoundation: 216162199b28c13a410421893ffa2e32 -> 
  custom:CustomObjectIndexerAttribute: 72b91833f83ae208fae7752999fa3104 -> 
  custom:container-demuxer-webm: 4f35f7cbe854078d1ac9338744f61a02 -> 
  custom:container-muxer-webm: aa71ff27fc2769a1b78a27578f13a17b -> 
  custom:video-decoder-webm-vp8: 9c59270c3fd7afecdb556c50c9e8de78 -> 
  custom:SearchIndexIgnoredProperties: e643bd26f0fe6173181afceb89e7c659 -> 
  custom:AudioImporter_EditorPlatform: d09bf68614088b80899f8185d706f6e7 -> 
  custom:scripting/monoscript/fileName/NewSceneTemplatePipeline.cs: b6f58a58324aadcdeb2ef714546683e7 -> 
  custom:video-encoder-webm-vp8: eb34c28f22e8b96e1ab97ce403110664 -> 
  custom:audio-decoder-ogg-vorbis: bf7c407c2cedff20999df2af8eb42d56 -> 
  custom:audio-encoder-webm-vorbis: bf7c407c2cedff20999df2af8eb42d56 -> 
========================================================================
Received Import Request.
  Time since last request: 18792.682418 seconds.
  path: Assets/TextMesh Pro 1/Shaders/TMP_SDF-Surface.shader
  artifactKey: Guid(86111b79a56c8d74793f044629fd137e) Importer(2089858483,0ecaa5967403d082aa24f35e1b516d23)
Start importing Assets/TextMesh Pro 1/Shaders/TMP_SDF-Surface.shader using Guid(86111b79a56c8d74793f044629fd137e) Importer(2089858483,0ecaa5967403d082aa24f35e1b516d23) [PhysX] Initialized MultithreadedTaskDispatcher with 16 workers.
 -> (artifact id: 'b518833d7c4c6fc2837d625f03990b52') in 0.892096 seconds
Number of updated asset objects reloaded before import = 0
Number of asset objects unloaded after import = 0
========================================================================
Received Import Request.
  Time since last request: 0.000055 seconds.
  path: Assets/Materials/textures/Fabric 01/Fabric 01_baseColor.png
  artifactKey: Guid(9b1f5e49d7784cf4ba9b98083c97f8e5) Importer(2089858483,0ecaa5967403d082aa24f35e1b516d23)
Start importing Assets/Materials/textures/Fabric 01/Fabric 01_baseColor.png using Guid(9b1f5e49d7784cf4ba9b98083c97f8e5) Importer(2089858483,0ecaa5967403d082aa24f35e1b516d23) [PhysX] Initialized MultithreadedTaskDispatcher with 16 workers.
 -> (artifact id: 'c649a19e57d22e758d6e032edeb5dffe') in 0.483488 seconds
Number of updated asset objects reloaded before import = 0
Number of asset objects unloaded after import = 1
========================================================================
Received Import Request.
  Time since last request: 0.000638 seconds.
  path: Assets/Polybrush Data/Brush Settings/BrushSettings-Default.asset
  artifactKey: Guid(63ff576880cfe6848a01423f1e62c4ba) Importer(2089858483,0ecaa5967403d082aa24f35e1b516d23)
Start importing Assets/Polybrush Data/Brush Settings/BrushSettings-Default.asset using Guid(63ff576880cfe6848a01423f1e62c4ba) Importer(2089858483,0ecaa5967403d082aa24f35e1b516d23) [PhysX] Initialized MultithreadedTaskDispatcher with 16 workers.
 -> (artifact id: 'b70e2e2dfaccff9136af3b0c257c1280') in 0.034044 seconds
Number of updated asset objects reloaded before import = 0
Number of asset objects unloaded after import = 1
========================================================================
Received Import Request.
  Time since last request: 0.000058 seconds.
  path: Assets/Materials/textures/Wall Paint/Wall Paint 01_normal.png
  artifactKey: Guid(f8d92275b4e729f46b4321912b401e97) Importer(2089858483,0ecaa5967403d082aa24f35e1b516d23)
Start importing Assets/Materials/textures/Wall Paint/Wall Paint 01_normal.png using Guid(f8d92275b4e729f46b4321912b401e97) Importer(2089858483,0ecaa5967403d082aa24f35e1b516d23) [PhysX] Initialized MultithreadedTaskDispatcher with 16 workers.
 -> (artifact id: '828f390d4b528799f6dddb531735d994') in 0.109540 seconds
Number of updated asset objects reloaded before import = 0
Number of asset objects unloaded after import = 1
========================================================================
Received Import Request.
  Time since last request: 0.000632 seconds.
  path: Assets/Materials/textures/Fabric 01/Fabric 01_normal.png
  artifactKey: Guid(6e668579213d7a54785b982bc9043492) Importer(2089858483,0ecaa5967403d082aa24f35e1b516d23)
Start importing Assets/Materials/textures/Fabric 01/Fabric 01_normal.png using Guid(6e668579213d7a54785b982bc9043492) Importer(2089858483,0ecaa5967403d082aa24f35e1b516d23) [PhysX] Initialized MultithreadedTaskDispatcher with 16 workers.
 -> (artifact id: '6c1f3649ee99272dfe873856bebf95fd') in 0.067808 seconds
Number of updated asset objects reloaded before import = 0
Number of asset objects unloaded after import = 1
========================================================================
Received Import Request.
  Time since last request: 0.002038 seconds.
  path: Assets/Materials/textures/Plaster 01/Plaster 01_diffuse.png
  artifactKey: Guid(d6951f589c64c174fbd358186f4e5c13) Importer(2089858483,0ecaa5967403d082aa24f35e1b516d23)
Start importing Assets/Materials/textures/Plaster 01/Plaster 01_diffuse.png using Guid(d6951f589c64c174fbd358186f4e5c13) Importer(2089858483,0ecaa5967403d082aa24f35e1b516d23) [PhysX] Initialized MultithreadedTaskDispatcher with 16 workers.
 -> (artifact id: 'ab39d96d46af1b2d1c4721b5b0d61cca') in 0.075223 seconds
Number of updated asset objects reloaded before import = 0
Number of asset objects unloaded after import = 1
========================================================================
Received Import Request.
  Time since last request: 0.000775 seconds.
  path: Assets/Materials/textures/Wall Paint/Wall Paint 01_roughness.png
  artifactKey: Guid(33ca61555b5e59c4f9db3d37db0b66fc) Importer(2089858483,0ecaa5967403d082aa24f35e1b516d23)
Start importing Assets/Materials/textures/Wall Paint/Wall Paint 01_roughness.png using Guid(33ca61555b5e59c4f9db3d37db0b66fc) Importer(2089858483,0ecaa5967403d082aa24f35e1b516d23) [PhysX] Initialized MultithreadedTaskDispatcher with 16 workers.
 -> (artifact id: 'ee0e751fee66aff5c48819f03aa6adc3') in 0.045143 seconds
Number of updated asset objects reloaded before import = 0
Number of asset objects unloaded after import = 1
========================================================================
Received Import Request.
  Time since last request: 0.002001 seconds.
  path: Assets/Scripts/Interactables
  artifactKey: Guid(624523480e721384791500d6f0916638) Importer(2089858483,0ecaa5967403d082aa24f35e1b516d23)
Start importing Assets/Scripts/Interactables using Guid(624523480e721384791500d6f0916638) Importer(2089858483,0ecaa5967403d082aa24f35e1b516d23) [PhysX] Initialized MultithreadedTaskDispatcher with 16 workers.
 -> (artifact id: '15d22c39fd8b05c42b244878d4e85db0') in 0.034783 seconds
Number of updated asset objects reloaded before import = 0
Number of asset objects unloaded after import = 1
========================================================================
Received Import Request.
  Time since last request: 0.000689 seconds.
  path: Assets/Movement/Basic Motions/_ExampleScene/AnimatorControllers/Movement/Walk/BasicMotions@Walk02 - Backward.overrideController
  artifactKey: Guid(939f12354ab5ecf41b679e9f542abc36) Importer(2089858483,0ecaa5967403d082aa24f35e1b516d23)
Start importing Assets/Movement/Basic Motions/_ExampleScene/AnimatorControllers/Movement/Walk/BasicMotions@Walk02 - Backward.overrideController using Guid(939f12354ab5ecf41b679e9f542abc36) Importer(2089858483,0ecaa5967403d082aa24f35e1b516d23) [PhysX] Initialized MultithreadedTaskDispatcher with 16 workers.
 -> (artifact id: 'eefbb3d2a6f5c1f66d0fedce896f2e96') in 0.059872 seconds
Number of updated asset objects reloaded before import = 0
Number of asset objects unloaded after import = 6
========================================================================
Received Import Request.
  Time since last request: 0.000096 seconds.
  path: Assets/Materials/textures/Rubber 03
  artifactKey: Guid(71d783be3a9469e4da8240dbb3ce96e6) Importer(2089858483,0ecaa5967403d082aa24f35e1b516d23)
Start importing Assets/Materials/textures/Rubber 03 using Guid(71d783be3a9469e4da8240dbb3ce96e6) Importer(2089858483,0ecaa5967403d082aa24f35e1b516d23) [PhysX] Initialized MultithreadedTaskDispatcher with 16 workers.
 -> (artifact id: '5142ba06a1b1c85ebea7612ab2ec2df8') in 0.026166 seconds
Number of updated asset objects reloaded before import = 0
Number of asset objects unloaded after import = 1
========================================================================
Received Import Request.
  Time since last request: 0.000030 seconds.
  path: Assets/Materials/textures/Fabric 01/Fabric 01_roughness.png
  artifactKey: Guid(2c0147722ee09284a92255812bb8faa9) Importer(2089858483,0ecaa5967403d082aa24f35e1b516d23)
Start importing Assets/Materials/textures/Fabric 01/Fabric 01_roughness.png using Guid(2c0147722ee09284a92255812bb8faa9) Importer(2089858483,0ecaa5967403d082aa24f35e1b516d23) [PhysX] Initialized MultithreadedTaskDispatcher with 16 workers.
 -> (artifact id: 'b5c8ef2ccad369ad19b80068ab206d6c') in 0.107227 seconds
Number of updated asset objects reloaded before import = 0
Number of asset objects unloaded after import = 1
========================================================================
Received Import Request.
  Time since last request: 0.005718 seconds.
  path: Assets/MONS 6/TEXTURES/T_MONS6_Diffuse.tif
  artifactKey: Guid(a8133ba6d27bc2c40b00579c9c971ecd) Importer(2089858483,0ecaa5967403d082aa24f35e1b516d23)
Start importing Assets/MONS 6/TEXTURES/T_MONS6_Diffuse.tif using Guid(a8133ba6d27bc2c40b00579c9c971ecd) Importer(2089858483,0ecaa5967403d082aa24f35e1b516d23) [PhysX] Initialized MultithreadedTaskDispatcher with 16 workers.
 -> (artifact id: '2e06091c0e7dbbce337af30e72cb236e') in 0.081041 seconds
Number of updated asset objects reloaded before import = 0
Number of asset objects unloaded after import = 1
========================================================================
Received Import Request.
  Time since last request: 0.002912 seconds.
  path: Assets/Blink/Art/Animations/Animations_Starter_Pack/Movement/RollForward.fbx
  artifactKey: Guid(5fad9ecdaa1678b408a01f37c5ca69e8) Importer(2089858483,0ecaa5967403d082aa24f35e1b516d23)
Start importing Assets/Blink/Art/Animations/Animations_Starter_Pack/Movement/RollForward.fbx using Guid(5fad9ecdaa1678b408a01f37c5ca69e8) Importer(2089858483,0ecaa5967403d082aa24f35e1b516d23) [PhysX] Initialized MultithreadedTaskDispatcher with 16 workers.
 -> (artifact id: 'edef9429003d93aed933a191afdab1fb') in 0.198839 seconds
Number of updated asset objects reloaded before import = 0
Number of asset objects unloaded after import = 180
========================================================================
Received Import Request.
  Time since last request: 0.000036 seconds.
  path: Assets/DungeonCharacters/Skeletons_demo/animation/DS_onehand_walk.FBX
  artifactKey: Guid(272e84c6ff8fea340b19da71308f0475) Importer(2089858483,0ecaa5967403d082aa24f35e1b516d23)
Start importing Assets/DungeonCharacters/Skeletons_demo/animation/DS_onehand_walk.FBX using Guid(272e84c6ff8fea340b19da71308f0475) Importer(2089858483,0ecaa5967403d082aa24f35e1b516d23) [PhysX] Initialized MultithreadedTaskDispatcher with 16 workers.
 -> (artifact id: '34c32c2171e2efe33adf4534d4275323') in 0.053458 seconds
Number of updated asset objects reloaded before import = 0
Number of asset objects unloaded after import = 53
========================================================================
Received Import Request.
  Time since last request: 0.000053 seconds.
  path: Assets/PolyLabs/PNTD/Free/Materials/OffsetDiamondBricks_Deserted.mat
  artifactKey: Guid(d87e652272e334001846b95d44a17525) Importer(2089858483,0ecaa5967403d082aa24f35e1b516d23)
Start importing Assets/PolyLabs/PNTD/Free/Materials/OffsetDiamondBricks_Deserted.mat using Guid(d87e652272e334001846b95d44a17525) Importer(2089858483,0ecaa5967403d082aa24f35e1b516d23) [PhysX] Initialized MultithreadedTaskDispatcher with 16 workers.
 -> (artifact id: '3438dc0a1f27db4f291c597c9b7ae89e') in 0.207499 seconds
Number of updated asset objects reloaded before import = 0
Number of asset objects unloaded after import = 6
Editor requested this worker to shutdown with reason: balancing worker count downwards
TcpMessagingSession - receive error: operation aborted. errorcode: 995, details: The I/O operation has been aborted because of either a thread exit or an application request.
AssetImportWorker is now disconnected from the server
Process exiting
Exiting without the bug reporter. Application will terminate with return code 0